<?xml version="1.0" encoding="UTF-8"?>
<testsuite name="webboilerplate.webboilerplate.TestMainVerticle" tests="1" skipped="0" failures="0" errors="0" timestamp="2022-08-22T08:51:06" hostname="francesco" time="0.284">
  <properties/>
  <testcase name="verticle_deployed(Vertx, VertxTestContext)" classname="webboilerplate.webboilerplate.TestMainVerticle" time="0.284"/>
  <system-out><![CDATA[10:51:06.883 [Test worker] DEBUG io.vertx.core.logging.LoggerFactory - Using io.vertx.core.logging.SLF4JLogDelegateFactory
10:51:06.907 [Test worker] DEBUG io.netty.util.internal.logging.InternalLoggerFactory - Using SLF4J as the default logging framework
10:51:06.908 [Test worker] DEBUG io.netty.util.internal.PlatformDependent0 - -Dio.netty.noUnsafe: false
10:51:06.908 [Test worker] DEBUG io.netty.util.internal.PlatformDependent0 - Java version: 17
10:51:06.909 [Test worker] DEBUG io.netty.util.internal.PlatformDependent0 - sun.misc.Unsafe.theUnsafe: available
10:51:06.910 [Test worker] DEBUG io.netty.util.internal.PlatformDependent0 - sun.misc.Unsafe.copyMemory: available
10:51:06.910 [Test worker] DEBUG io.netty.util.internal.PlatformDependent0 - sun.misc.Unsafe.storeFence: available
10:51:06.911 [Test worker] DEBUG io.netty.util.internal.PlatformDependent0 - java.nio.Buffer.address: available
10:51:06.911 [Test worker] DEBUG io.netty.util.internal.PlatformDependent0 - direct buffer constructor: unavailable: Reflective setAccessible(true) disabled
10:51:06.912 [Test worker] DEBUG io.netty.util.internal.PlatformDependent0 - java.nio.Bits.unaligned: available, true
10:51:06.912 [Test worker] DEBUG io.netty.util.internal.PlatformDependent0 - jdk.internal.misc.Unsafe.allocateUninitializedArray(int): unavailable: class io.netty.util.internal.PlatformDependent0$7 cannot access class jdk.internal.misc.Unsafe (in module java.base) because module java.base does not export jdk.internal.misc to unnamed module @1e37ebf1
10:51:06.913 [Test worker] DEBUG io.netty.util.internal.PlatformDependent0 - java.nio.DirectByteBuffer.<init>(long, int): unavailable
10:51:06.913 [Test worker] DEBUG io.netty.util.internal.PlatformDependent - sun.misc.Unsafe: available
10:51:06.919 [Test worker] DEBUG io.netty.util.internal.PlatformDependent - maxDirectMemory: 536870912 bytes (maybe)
10:51:06.919 [Test worker] DEBUG io.netty.util.internal.PlatformDependent - -Dio.netty.tmpdir: /run/user/1000/app/com.jetbrains.IntelliJ-IDEA-Community (java.io.tmpdir)
10:51:06.920 [Test worker] DEBUG io.netty.util.internal.PlatformDependent - -Dio.netty.bitMode: 64 (sun.arch.data.model)
10:51:06.921 [Test worker] DEBUG io.netty.util.internal.PlatformDependent - -Dio.netty.maxDirectMemory: -1 bytes
10:51:06.921 [Test worker] DEBUG io.netty.util.internal.PlatformDependent - -Dio.netty.uninitializedArrayAllocationThreshold: -1
10:51:06.923 [Test worker] DEBUG io.netty.util.internal.CleanerJava9 - java.nio.ByteBuffer.cleaner(): available
10:51:06.923 [Test worker] DEBUG io.netty.util.internal.PlatformDependent - -Dio.netty.noPreferDirect: false
10:51:06.935 [Test worker] DEBUG io.netty.util.ResourceLeakDetector - -Dio.netty.leakDetection.level: simple
10:51:06.935 [Test worker] DEBUG io.netty.util.ResourceLeakDetector - -Dio.netty.leakDetection.targetRecords: 4
10:51:06.953 [Test worker] DEBUG io.netty.channel.MultithreadEventLoopGroup - -Dio.netty.eventLoopThreads: 8
10:51:06.969 [Test worker] DEBUG io.netty.util.internal.InternalThreadLocalMap - -Dio.netty.threadLocalMap.stringBuilder.initialSize: 1024
10:51:06.970 [Test worker] DEBUG io.netty.util.internal.InternalThreadLocalMap - -Dio.netty.threadLocalMap.stringBuilder.maxSize: 4096
10:51:06.977 [Test worker] DEBUG io.netty.channel.nio.NioEventLoop - -Dio.netty.noKeySetOptimization: false
10:51:06.977 [Test worker] DEBUG io.netty.channel.nio.NioEventLoop - -Dio.netty.selectorAutoRebuildThreshold: 512
10:51:06.988 [Test worker] DEBUG io.netty.util.internal.PlatformDependent - org.jctools-core.MpscChunkedArrayQueue: available
10:51:07.009 [Test worker] DEBUG io.netty.resolver.dns.DefaultDnsServerAddressStreamProvider - Default DNS servers: [/127.0.0.53:53] (sun.net.dns.ResolverConfiguration)
10:51:07.014 [Test worker] DEBUG io.netty.util.NetUtil - -Djava.net.preferIPv4Stack: false
10:51:07.014 [Test worker] DEBUG io.netty.util.NetUtil - -Djava.net.preferIPv6Addresses: false
10:51:07.016 [Test worker] DEBUG io.netty.util.NetUtilInitializations - Loopback interface: lo (lo, 0:0:0:0:0:0:0:1%lo)
10:51:07.017 [Test worker] DEBUG io.netty.util.NetUtil - /proc/sys/net/core/somaxconn: 4096
10:51:07.036 [Test worker] DEBUG io.netty.resolver.DefaultHostsFileEntriesResolver - -Dio.netty.hostsFileRefreshInterval: 0
10:51:07.077 [vert.x-eventloop-thread-0] INFO webboilerplate.webboilerplate.MainVerticle - Starting verticles deployment
]]></system-out>
  <system-err><![CDATA[]]></system-err>
</testsuite>
